<?xml version="1.0" encoding="UTF-8"?>
<testsuite xmlns:xsi="http://www.w3.org/2001/XMLSchema-instance" xsi:noNamespaceSchemaLocation="https://maven.apache.org/surefire/maven-surefire-plugin/xsd/surefire-test-report-3.0.xsd" version="3.0" name="org.biojava.nbio.structure.io.TestDBRefParsing" time="0.435" tests="2" errors="0" skipped="0" failures="0">
  <properties>
    <property name="gopherProxySet" value="false"/>
    <property name="awt.toolkit" value="sun.lwawt.macosx.LWCToolkit"/>
    <property name="nondexStart" value="0"/>
    <property name="java.specification.version" value="1.8"/>
    <property name="file.encoding.pkg" value="sun.io"/>
    <property name="sun.cpu.isalist" value=""/>
    <property name="sun.jnu.encoding" value="UTF-8"/>
    <property name="java.class.path" value="/Users/sujiaxu/Desktop/flaky_tepo/biojava/biojava-structure/target/test-classes:/Users/sujiaxu/Desktop/flaky_tepo/biojava/biojava-structure/target/classes:/Users/sujiaxu/.m2/repository/org/rcsb/ciftools-java-jdk8/2.0.2/ciftools-java-jdk8-2.0.2.jar:/Users/sujiaxu/.m2/repository/javax/annotation/javax.annotation-api/1.3.2/javax.annotation-api-1.3.2.jar:/Users/sujiaxu/.m2/repository/com/google/code/gson/gson/2.8.5/gson-2.8.5.jar:/Users/sujiaxu/.m2/repository/org/rcsb/mmtf-api/1.0.9/mmtf-api-1.0.9.jar:/Users/sujiaxu/.m2/repository/org/rcsb/mmtf-serialization/1.0.9/mmtf-serialization-1.0.9.jar:/Users/sujiaxu/.m2/repository/org/msgpack/jackson-dataformat-msgpack/0.8.18/jackson-dataformat-msgpack-0.8.18.jar:/Users/sujiaxu/.m2/repository/org/msgpack/msgpack-core/0.8.18/msgpack-core-0.8.18.jar:/Users/sujiaxu/.m2/repository/com/fasterxml/jackson/core/jackson-databind/2.9.9.3/jackson-databind-2.9.9.3.jar:/Users/sujiaxu/.m2/repository/com/fasterxml/jackson/core/jackson-annotations/2.9.0/jackson-annotations-2.9.0.jar:/Users/sujiaxu/.m2/repository/com/fasterxml/jackson/core/jackson-core/2.9.9/jackson-core-2.9.9.jar:/Users/sujiaxu/.m2/repository/org/rcsb/mmtf-codec/1.0.9/mmtf-codec-1.0.9.jar:/Users/sujiaxu/.m2/repository/commons-lang/commons-lang/2.4/commons-lang-2.4.jar:/Users/sujiaxu/.m2/repository/org/biojava/biojava-alignment/6.0.0-SNAPSHOT/biojava-alignment-6.0.0-SNAPSHOT.jar:/Users/sujiaxu/.m2/repository/org/biojava/thirdparty/forester/1.038/forester-1.038.jar:/Users/sujiaxu/.m2/repository/org/biojava/biojava-core/6.0.0-SNAPSHOT/biojava-core-6.0.0-SNAPSHOT.jar:/Users/sujiaxu/.m2/repository/java3d/vecmath/1.3.1/vecmath-1.3.1.jar:/Users/sujiaxu/.m2/repository/org/jgrapht/jgrapht-core/1.1.0/jgrapht-core-1.1.0.jar:/Users/sujiaxu/.m2/repository/javax/xml/bind/jaxb-api/2.3.0/jaxb-api-2.3.0.jar:/Users/sujiaxu/.m2/repository/com/sun/xml/bind/jaxb-core/2.3.0/jaxb-core-2.3.0.jar:/Users/sujiaxu/.m2/repository/com/sun/xml/bind/jaxb-impl/2.3.0/jaxb-impl-2.3.0.jar:/Users/sujiaxu/.m2/repository/javax/activation/activation/1.1.1/activation-1.1.1.jar:/Users/sujiaxu/.m2/repository/org/slf4j/slf4j-api/1.7.30/slf4j-api-1.7.30.jar:/Users/sujiaxu/.m2/repository/org/apache/logging/log4j/log4j-slf4j-impl/2.13.3/log4j-slf4j-impl-2.13.3.jar:/Users/sujiaxu/.m2/repository/org/apache/logging/log4j/log4j-api/2.13.3/log4j-api-2.13.3.jar:/Users/sujiaxu/.m2/repository/org/apache/logging/log4j/log4j-core/2.13.3/log4j-core-2.13.3.jar:/Users/sujiaxu/.m2/repository/junit/junit/4.13.1/junit-4.13.1.jar:/Users/sujiaxu/.m2/repository/org/hamcrest/hamcrest-core/1.3/hamcrest-core-1.3.jar:/Users/sujiaxu/.m2/repository/xmlunit/xmlunit/1.6/xmlunit-1.6.jar:"/>
    <property name="java.vm.vendor" value="Oracle Corporation"/>
    <property name="nondexPrintstack" value="false"/>
    <property name="sun.arch.data.model" value="64"/>
    <property name="java.vendor.url" value="http://java.oracle.com/"/>
    <property name="user.timezone" value="America/Chicago"/>
    <property name="os.name" value="Mac OS X"/>
    <property name="java.vm.specification.version" value="1.8"/>
    <property name="user.country" value="US"/>
    <property name="sun.java.launcher" value="SUN_STANDARD"/>
    <property name="sun.boot.library.path" value="/Library/Java/JavaVirtualMachines/jdk1.8.0_131.jdk/Contents/Home/jre/lib"/>
    <property name="sun.java.command" value="/Users/sujiaxu/Desktop/flaky_tepo/biojava/biojava-structure/target/surefire/surefirebooter5651028145700097763.jar /Users/sujiaxu/Desktop/flaky_tepo/biojava/biojava-structure/target/surefire 2020-11-15T18-10-09_386-jvmRun1 surefire6083666841643447511tmp surefire_1173493625331980085310tmp"/>
    <property name="nondexLogging" value="CONFIG"/>
    <property name="surefire.test.class.path" value="/Users/sujiaxu/Desktop/flaky_tepo/biojava/biojava-structure/target/test-classes:/Users/sujiaxu/Desktop/flaky_tepo/biojava/biojava-structure/target/classes:/Users/sujiaxu/.m2/repository/org/rcsb/ciftools-java-jdk8/2.0.2/ciftools-java-jdk8-2.0.2.jar:/Users/sujiaxu/.m2/repository/javax/annotation/javax.annotation-api/1.3.2/javax.annotation-api-1.3.2.jar:/Users/sujiaxu/.m2/repository/com/google/code/gson/gson/2.8.5/gson-2.8.5.jar:/Users/sujiaxu/.m2/repository/org/rcsb/mmtf-api/1.0.9/mmtf-api-1.0.9.jar:/Users/sujiaxu/.m2/repository/org/rcsb/mmtf-serialization/1.0.9/mmtf-serialization-1.0.9.jar:/Users/sujiaxu/.m2/repository/org/msgpack/jackson-dataformat-msgpack/0.8.18/jackson-dataformat-msgpack-0.8.18.jar:/Users/sujiaxu/.m2/repository/org/msgpack/msgpack-core/0.8.18/msgpack-core-0.8.18.jar:/Users/sujiaxu/.m2/repository/com/fasterxml/jackson/core/jackson-databind/2.9.9.3/jackson-databind-2.9.9.3.jar:/Users/sujiaxu/.m2/repository/com/fasterxml/jackson/core/jackson-annotations/2.9.0/jackson-annotations-2.9.0.jar:/Users/sujiaxu/.m2/repository/com/fasterxml/jackson/core/jackson-core/2.9.9/jackson-core-2.9.9.jar:/Users/sujiaxu/.m2/repository/org/rcsb/mmtf-codec/1.0.9/mmtf-codec-1.0.9.jar:/Users/sujiaxu/.m2/repository/commons-lang/commons-lang/2.4/commons-lang-2.4.jar:/Users/sujiaxu/.m2/repository/org/biojava/biojava-alignment/6.0.0-SNAPSHOT/biojava-alignment-6.0.0-SNAPSHOT.jar:/Users/sujiaxu/.m2/repository/org/biojava/thirdparty/forester/1.038/forester-1.038.jar:/Users/sujiaxu/.m2/repository/org/biojava/biojava-core/6.0.0-SNAPSHOT/biojava-core-6.0.0-SNAPSHOT.jar:/Users/sujiaxu/.m2/repository/java3d/vecmath/1.3.1/vecmath-1.3.1.jar:/Users/sujiaxu/.m2/repository/org/jgrapht/jgrapht-core/1.1.0/jgrapht-core-1.1.0.jar:/Users/sujiaxu/.m2/repository/javax/xml/bind/jaxb-api/2.3.0/jaxb-api-2.3.0.jar:/Users/sujiaxu/.m2/repository/com/sun/xml/bind/jaxb-core/2.3.0/jaxb-core-2.3.0.jar:/Users/sujiaxu/.m2/repository/com/sun/xml/bind/jaxb-impl/2.3.0/jaxb-impl-2.3.0.jar:/Users/sujiaxu/.m2/repository/javax/activation/activation/1.1.1/activation-1.1.1.jar:/Users/sujiaxu/.m2/repository/org/slf4j/slf4j-api/1.7.30/slf4j-api-1.7.30.jar:/Users/sujiaxu/.m2/repository/org/apache/logging/log4j/log4j-slf4j-impl/2.13.3/log4j-slf4j-impl-2.13.3.jar:/Users/sujiaxu/.m2/repository/org/apache/logging/log4j/log4j-api/2.13.3/log4j-api-2.13.3.jar:/Users/sujiaxu/.m2/repository/org/apache/logging/log4j/log4j-core/2.13.3/log4j-core-2.13.3.jar:/Users/sujiaxu/.m2/repository/junit/junit/4.13.1/junit-4.13.1.jar:/Users/sujiaxu/.m2/repository/org/hamcrest/hamcrest-core/1.3/hamcrest-core-1.3.jar:/Users/sujiaxu/.m2/repository/xmlunit/xmlunit/1.6/xmlunit-1.6.jar:"/>
    <property name="nondexExecid" value="cTswFFejWL1Re5Z1kQOz93ile5x0EvpZCTqDFhPif0="/>
    <property name="sun.cpu.endian" value="little"/>
    <property name="user.home" value="/Users/sujiaxu"/>
    <property name="user.language" value="en"/>
    <property name="java.specification.vendor" value="Oracle Corporation"/>
    <property name="java.home" value="/Library/Java/JavaVirtualMachines/jdk1.8.0_131.jdk/Contents/Home/jre"/>
    <property name="file.separator" value="/"/>
    <property name="basedir" value="/Users/sujiaxu/Desktop/flaky_tepo/biojava/biojava-structure"/>
    <property name="nondexEnd" value="9223372036854775807"/>
    <property name="line.separator" value="&#10;"/>
    <property name="java.specification.name" value="Java Platform API Specification"/>
    <property name="java.vm.specification.vendor" value="Oracle Corporation"/>
    <property name="java.awt.graphicsenv" value="sun.awt.CGraphicsEnvironment"/>
    <property name="nondexFilter" value=".*"/>
    <property name="nondexSeed" value="933178"/>
    <property name="surefire.real.class.path" value="/Users/sujiaxu/Desktop/flaky_tepo/biojava/biojava-structure/target/surefire/surefirebooter5651028145700097763.jar"/>
    <property name="sun.boot.class.path" value="/Users/sujiaxu/Desktop/flaky_tepo/biojava/biojava-structure/.nondex/nondex-instr.jar:/Users/sujiaxu/.m2/repository/edu/illinois/nondex-common/1.1.2/nondex-common-1.1.2.jar:/Users/sujiaxu/.m2/repository/edu/illinois/nondex-annotations/1.1.2/nondex-annotations-1.1.2.jar:/Library/Java/JavaVirtualMachines/jdk1.8.0_131.jdk/Contents/Home/jre/lib/resources.jar:/Library/Java/JavaVirtualMachines/jdk1.8.0_131.jdk/Contents/Home/jre/lib/rt.jar:/Library/Java/JavaVirtualMachines/jdk1.8.0_131.jdk/Contents/Home/jre/lib/sunrsasign.jar:/Library/Java/JavaVirtualMachines/jdk1.8.0_131.jdk/Contents/Home/jre/lib/jsse.jar:/Library/Java/JavaVirtualMachines/jdk1.8.0_131.jdk/Contents/Home/jre/lib/jce.jar:/Library/Java/JavaVirtualMachines/jdk1.8.0_131.jdk/Contents/Home/jre/lib/charsets.jar:/Library/Java/JavaVirtualMachines/jdk1.8.0_131.jdk/Contents/Home/jre/lib/jfr.jar:/Library/Java/JavaVirtualMachines/jdk1.8.0_131.jdk/Contents/Home/jre/classes"/>
    <property name="sun.management.compiler" value="HotSpot 64-Bit Tiered Compilers"/>
    <property name="java.runtime.version" value="1.8.0_131-b11"/>
    <property name="user.name" value="sujiaxu"/>
    <property name="path.separator" value=":"/>
    <property name="os.version" value="10.14.4"/>
    <property name="java.endorsed.dirs" value="/Library/Java/JavaVirtualMachines/jdk1.8.0_131.jdk/Contents/Home/jre/lib/endorsed"/>
    <property name="java.runtime.name" value="Java(TM) SE Runtime Environment"/>
    <property name="file.encoding" value="UTF-8"/>
    <property name="java.vm.name" value="Java HotSpot(TM) 64-Bit Server VM"/>
    <property name="localRepository" value="/Users/sujiaxu/.m2/repository"/>
    <property name="nondexDir" value="/Users/sujiaxu/Desktop/flaky_tepo/biojava/biojava-structure/.nondex"/>
    <property name="nondexJarDir" value="/Users/sujiaxu/Desktop/flaky_tepo/biojava/biojava-structure/.nondex"/>
    <property name="java.vendor.url.bug" value="http://bugreport.sun.com/bugreport/"/>
    <property name="java.io.tmpdir" value="/var/folders/xy/jyfcpkdx1gv5pfsz5wld96qh0000gn/T/"/>
    <property name="java.version" value="1.8.0_131"/>
    <property name="user.dir" value="/Users/sujiaxu/Desktop/flaky_tepo/biojava/biojava-structure"/>
    <property name="os.arch" value="x86_64"/>
    <property name="nondexMode" value="FULL"/>
    <property name="java.vm.specification.name" value="Java Virtual Machine Specification"/>
    <property name="java.awt.printerjob" value="sun.lwawt.macosx.CPrinterJob"/>
    <property name="sun.os.patch.level" value="unknown"/>
    <property name="java.library.path" value="/Users/sujiaxu/Library/Java/Extensions:/Library/Java/Extensions:/Network/Library/Java/Extensions:/System/Library/Java/Extensions:/usr/lib/java:."/>
    <property name="java.vm.info" value="mixed mode"/>
    <property name="java.vendor" value="Oracle Corporation"/>
    <property name="java.vm.version" value="25.131-b11"/>
    <property name="sun.io.unicode.encoding" value="UnicodeBig"/>
    <property name="java.ext.dirs" value="/Users/sujiaxu/Library/Java/Extensions:/Library/Java/JavaVirtualMachines/jdk1.8.0_131.jdk/Contents/Home/jre/lib/ext:/Library/Java/Extensions:/Network/Library/Java/Extensions:/System/Library/Java/Extensions:/usr/lib/java"/>
    <property name="java.class.version" value="52.0"/>
  </properties>
  <testcase name="testShortLine" classname="org.biojava.nbio.structure.io.TestDBRefParsing" time="0.428"/>
  <testcase name="testToPdbLength" classname="org.biojava.nbio.structure.io.TestDBRefParsing" time="0.001"/>
</testsuite>